0 info it worked if it ends with ok
1 verbose cli [ 'C:\\Program Files\\nodejs\\node.exe',
1 verbose cli   'C:\\Program Files\\nodejs\\node_modules\\npm\\bin\\npm-cli.js',
1 verbose cli   'run',
1 verbose cli   'build-dev' ]
2 info using npm@3.3.12
3 info using node@v5.1.0
4 verbose run-script [ 'prebuild-dev', 'build-dev', 'postbuild-dev' ]
5 info lifecycle @hnordt/reax@1.1.0~prebuild-dev: @hnordt/reax@1.1.0
6 silly lifecycle @hnordt/reax@1.1.0~prebuild-dev: no script for prebuild-dev, continuing
7 info lifecycle @hnordt/reax@1.1.0~build-dev: @hnordt/reax@1.1.0
8 verbose lifecycle @hnordt/reax@1.1.0~build-dev: unsafe-perm in lifecycle true
9 verbose lifecycle @hnordt/reax@1.1.0~build-dev: PATH: C:\Program Files\nodejs\node_modules\npm\bin\node-gyp-bin;C:\Users\hnord\workspace\reax\node_modules\.bin;C:\Users\hnord\bin;C:\Program Files\Git\mingw64\bin;C:\Program Files\Git\usr\local\bin;C:\Program Files\Git\usr\bin;C:\Program Files\Git\usr\bin;C:\Program Files\Git\mingw64\bin;C:\Program Files\Git\usr\bin;C:\Users\hnord\bin;C:\Python27;C:\Python27\Scripts;C:\ProgramData\Oracle\Java\javapath;C:\Windows\system32;C:\Windows;C:\Windows\System32\Wbem;C:\Windows\System32\WindowsPowerShell\v1.0;C:\Program Files (x86)\Skype\Phone;C:\Program Files (x86)\7-Zip;C:\Program Files\nodejs;C:\Program Files\Git\cmd;C:\Program Files\Git\mingw64\bin;C:\Program Files\Git\usr\bin;C:\Users\hnord\AppData\Local\atom\bin;C:\Users\hnord\AppData\Roaming\npm;C:\Program Files\Git\usr\bin\vendor_perl;C:\Program Files\Git\usr\bin\core_perl
10 verbose lifecycle @hnordt/reax@1.1.0~build-dev: CWD: C:\Users\hnord\workspace\reax
11 silly lifecycle @hnordt/reax@1.1.0~build-dev: Args: [ '/d /s /c',
11 silly lifecycle   'export BUILD_DEV=1 && webpack-dev-server --content-base public/ --inline' ]
12 silly lifecycle @hnordt/reax@1.1.0~build-dev: Returned: code: 1  signal: null
13 info lifecycle @hnordt/reax@1.1.0~build-dev: Failed to exec build-dev script
14 verbose stack Error: @hnordt/reax@1.1.0 build-dev: `export BUILD_DEV=1 && webpack-dev-server --content-base public/ --inline`
14 verbose stack Exit status 1
14 verbose stack     at EventEmitter.<anonymous> (C:\Program Files\nodejs\node_modules\npm\lib\utils\lifecycle.js:232:16)
14 verbose stack     at emitTwo (events.js:87:13)
14 verbose stack     at EventEmitter.emit (events.js:172:7)
14 verbose stack     at ChildProcess.<anonymous> (C:\Program Files\nodejs\node_modules\npm\lib\utils\spawn.js:24:14)
14 verbose stack     at emitTwo (events.js:87:13)
14 verbose stack     at ChildProcess.emit (events.js:172:7)
14 verbose stack     at maybeClose (internal/child_process.js:818:16)
14 verbose stack     at Process.ChildProcess._handle.onexit (internal/child_process.js:211:5)
15 verbose pkgid @hnordt/reax@1.1.0
16 verbose cwd C:\Users\hnord\workspace\reax
17 error Windows_NT 10.0.10240
18 error argv "C:\\Program Files\\nodejs\\node.exe" "C:\\Program Files\\nodejs\\node_modules\\npm\\bin\\npm-cli.js" "run" "build-dev"
19 error node v5.1.0
20 error npm  v3.3.12
21 error code ELIFECYCLE
22 error @hnordt/reax@1.1.0 build-dev: `export BUILD_DEV=1 && webpack-dev-server --content-base public/ --inline`
22 error Exit status 1
23 error Failed at the @hnordt/reax@1.1.0 build-dev script 'export BUILD_DEV=1 && webpack-dev-server --content-base public/ --inline'.
23 error Make sure you have the latest version of node.js and npm installed.
23 error If you do, this is most likely a problem with the @hnordt/reax package,
23 error not with npm itself.
23 error Tell the author that this fails on your system:
23 error     export BUILD_DEV=1 && webpack-dev-server --content-base public/ --inline
23 error You can get their info via:
23 error     npm owner ls @hnordt/reax
23 error There is likely additional logging output above.
24 verbose exit [ 1, true ]
